gcc -o simulator.so -fPIC -O3 -shared simulator.c
data/trainingData.csv
[30, 21, 33, 14, 42, 28, 4, 34, 32, 16, 40, 45, 46, 8, 3, 20, 18, 25, 26, 23, 24, 12, 19, 22, 44, 38, 41, 39, 29, 36, 6, 43, 17, 5, 27, 35, 11, 13, 10, 37, 0, 9, 7, 15, 1, 2, 31]
Nodelist: ['DLAT', 'GALM', 'DLD', 'BPGM', 'MINPP1', 'AKR1A1', 'TPI1', 'GPI', 'ADPGK', 'ALDH9A1', 'AHR', 'PDHB', 'GAPDH', 'PGM2', 'MDH1', 'MDH2', 'POR', 'ALDOA', 'ALDOC', 'ALDH2', 'ALDH1B1', 'ALDH3A2', 'ALDH3B1', 'ADH5', 'PDHA1', 'LDHA', 'LDHB', 'LDHC', 'PKM', 'ENO1', 'ENO2', 'ENO3', 'PGAM1', 'PFKL', 'PFKM', 'PFKP', 'FBP1', 'PGM1', 'HK1', 'HK2', 'HK3', 'HKDC1', 'G6PC3', 'PGK1', 'PCK2', 'ACSS2', 'ACSS1']
/home/mpalshik/.local/lib/python3.6/site-packages/scipy/stats/stats.py:4196: SpearmanRConstantInputWarning: An input array is constant; the correlation coefficent is not defined.
  warnings.warn(SpearmanRConstantInputWarning())

Individual parse: [0, 7, 14, 21, 28, 31, 38, 41, 48, 49, 52, 53, 53, 60, 63, 64, 65, 68, 69, 70, 73, 76, 79, 82, 89, 89, 92, 95, 98, 105, 112, 119, 126, 133, 136, 139, 142, 145, 148, 155, 162, 169, 176, 183, 190, 190, 190, 190]

Nodelist: ['DLAT', 'GALM', 'DLD', 'BPGM', 'MINPP1', 'AKR1A1', 'TPI1', 'GPI', 'ADPGK', 'ALDH9A1', 'AHR', 'PDHB', 'GAPDH', 'PGM2', 'MDH1', 'MDH2', 'POR', 'ALDOA', 'ALDOC', 'ALDH2', 'ALDH1B1', 'ALDH3A2', 'ALDH3B1', 'ADH5', 'PDHA1', 'LDHA', 'LDHB', 'LDHC', 'PKM', 'ENO1', 'ENO2', 'ENO3', 'PGAM1', 'PFKL', 'PFKM', 'PFKP', 'FBP1', 'PGM1', 'HK1', 'HK2', 'HK3', 'HKDC1', 'G6PC3', 'PGK1', 'PCK2', 'ACSS2', 'ACSS1']

Node positions: [30, 21, 33, 14, 42, 28, 4, 34, 32, 16, 40, 45, 46, 8, 3, 20, 18, 25, 26, 23, 24, 12, 19, 22, 44, 38, 41, 39, 29, 36, 6, 43, 17, 5, 27, 35, 11, 13, 10, 37, 0, 9, 7, 15, 1, 2, 31]

PossibilityList: [[11, 24, 45, 46], [38, 39, 40, 41], [0, 11, 24], [12, 29, 30, 31, 43], [3, 32], [9, 19, 20, 21, 22], [17, 18], [8, 13, 33, 34, 35, 36, 37, 38, 39, 40, 41], [1], [45, 46], [9], [], [6, 17, 18], [7, 8], [9], [9], [0, 11], [6], [6], [45, 46], [45, 46], [45, 46], [45, 46], [9, 19, 20, 21, 22], [], [11, 24], [11, 24], [11, 24], [11, 24, 25, 26, 27, 44], [4, 28, 44], [4, 28, 44], [4, 28, 44], [3, 29, 30, 31], [17, 18], [17, 18], [17, 18], [17, 18], [7, 8], [1, 7, 13, 37], [1, 7, 13, 37], [1, 7, 13, 37], [1, 7, 13, 37], [1, 7, 13, 37], [3, 12, 32], [], [], []]
Fitnesses: [[1875], [1793], [1440], [1930], [1451], [1614], [1441], [1403], [1345], [1285], [1392], [1291], [1221], [1288], [1243], [1702], [1911], [1397], [1183], [1451], [1304], [1739], [1323], [1651]]
24
gen	nevals	avg    	std    	min 	max 
0  	24    	1486.38	226.028	1183	1930
1  	24    	1248.4 	41.4806	1183	1304
2  	24    	1198.2 	18.6161	1183	1221
3  	24    	1183   	0      	1183	1183
4  	24    	1183   	0      	1183	1183
5  	24    	1183   	0      	1183	1183
ADPGK *= GALM
AHR *= ALDH9A1
MDH1 *= ALDH9A1
MDH2 *= ALDH9A1
ALDOA *= TPI1
ALDOC *= TPI1
ADPGK *= GALM
AHR *= ALDH9A1
MDH1 *= ALDH9A1
MDH2 *= ALDH9A1
ALDOA *= TPI1
ALDOC *= TPI1
Traceback (most recent call last):
  File "pipeline.py", line 89, in <module>
    scTest.scoreNodes(graph=str(net))
  File "/gpfs/fs2/scratch/mpalshik/scBONITA-main/scBonita_package/src/scBONITA/ruleMaker.py", line 970, in scoreNodes
    importanceScores = self.calcImportance("", self, importanceScore, graph)
  File "/gpfs/fs2/scratch/mpalshik/scBONITA-main/scBonita_package/src/scBONITA/ruleMaker.py", line 1031, in calcImportance
    individual = self.processERS(graphName+"_equivs1.pickle")
  File "/gpfs/fs2/scratch/mpalshik/scBONITA-main/scBonita_package/src/scBONITA/singleCell.py", line 481, in processERS
    rand = random.randint(0, len(ruleSet)-1)
AttributeError: 'builtin_function_or_method' object has no attribute 'randint'
